<?xml version="1.0" encoding="UTF-8"?>
<testsuite xmlns:xsi="http://www.w3.org/2001/XMLSchema-instance" xsi:noNamespaceSchemaLocation="https://maven.apache.org/surefire/maven-surefire-plugin/xsd/surefire-test-report.xsd" name="com.example.HelloworldApplicationTests" time="4.396" tests="1" errors="0" skipped="0" failures="0">
  <properties>
    <property name="sun.desktop" value="windows"/>
    <property name="awt.toolkit" value="sun.awt.windows.WToolkit"/>
    <property name="file.encoding.pkg" value="sun.io"/>
    <property name="java.specification.version" value="1.8"/>
    <property name="sun.cpu.isalist" value="amd64"/>
    <property name="sun.jnu.encoding" value="GBK"/>
    <property name="java.class.path" value="D:\java\target\test-classes;D:\java\target\classes;D:\Develop\apache-maven-3.6.1-bin\apache-maven-3.6.1\repository\com\fasterxml\jackson\core\jackson-core\2.13.0\jackson-core-2.13.0.jar;D:\Develop\apache-maven-3.6.1-bin\apache-maven-3.6.1\repository\com\fasterxml\jackson\core\jackson-annotations\2.13.0\jackson-annotations-2.13.0.jar;D:\Develop\apache-maven-3.6.1-bin\apache-maven-3.6.1\repository\com\fasterxml\jackson\core\jackson-databind\2.13.0\jackson-databind-2.13.0.jar;D:\Develop\apache-maven-3.6.1-bin\apache-maven-3.6.1\repository\org\mapstruct\mapstruct\1.5.0.Beta1\mapstruct-1.5.0.Beta1.jar;D:\Develop\apache-maven-3.6.1-bin\apache-maven-3.6.1\repository\org\mapstruct\mapstruct-processor\1.5.0.Beta1\mapstruct-processor-1.5.0.Beta1.jar;D:\Develop\apache-maven-3.6.1-bin\apache-maven-3.6.1\repository\com\alibaba\fastjson2\fastjson2\2.0.26\fastjson2-2.0.26.jar;D:\Develop\apache-maven-3.6.1-bin\apache-maven-3.6.1\repository\org\springframework\boot\spring-boot-starter-web\2.1.3.RELEASE\spring-boot-starter-web-2.1.3.RELEASE.jar;D:\Develop\apache-maven-3.6.1-bin\apache-maven-3.6.1\repository\org\springframework\boot\spring-boot-starter\2.1.3.RELEASE\spring-boot-starter-2.1.3.RELEASE.jar;D:\Develop\apache-maven-3.6.1-bin\apache-maven-3.6.1\repository\org\springframework\boot\spring-boot\2.1.3.RELEASE\spring-boot-2.1.3.RELEASE.jar;D:\Develop\apache-maven-3.6.1-bin\apache-maven-3.6.1\repository\org\springframework\boot\spring-boot-starter-logging\2.1.3.RELEASE\spring-boot-starter-logging-2.1.3.RELEASE.jar;D:\Develop\apache-maven-3.6.1-bin\apache-maven-3.6.1\repository\org\apache\logging\log4j\log4j-to-slf4j\2.11.2\log4j-to-slf4j-2.11.2.jar;D:\Develop\apache-maven-3.6.1-bin\apache-maven-3.6.1\repository\org\apache\logging\log4j\log4j-api\2.11.2\log4j-api-2.11.2.jar;D:\Develop\apache-maven-3.6.1-bin\apache-maven-3.6.1\repository\org\slf4j\jul-to-slf4j\1.7.25\jul-to-slf4j-1.7.25.jar;D:\Develop\apache-maven-3.6.1-bin\apache-maven-3.6.1\repository\javax\annotation\javax.annotation-api\1.3.2\javax.annotation-api-1.3.2.jar;D:\Develop\apache-maven-3.6.1-bin\apache-maven-3.6.1\repository\org\yaml\snakeyaml\1.23\snakeyaml-1.23.jar;D:\Develop\apache-maven-3.6.1-bin\apache-maven-3.6.1\repository\org\springframework\boot\spring-boot-starter-json\2.1.3.RELEASE\spring-boot-starter-json-2.1.3.RELEASE.jar;D:\Develop\apache-maven-3.6.1-bin\apache-maven-3.6.1\repository\com\fasterxml\jackson\datatype\jackson-datatype-jdk8\2.9.8\jackson-datatype-jdk8-2.9.8.jar;D:\Develop\apache-maven-3.6.1-bin\apache-maven-3.6.1\repository\com\fasterxml\jackson\datatype\jackson-datatype-jsr310\2.9.8\jackson-datatype-jsr310-2.9.8.jar;D:\Develop\apache-maven-3.6.1-bin\apache-maven-3.6.1\repository\com\fasterxml\jackson\module\jackson-module-parameter-names\2.9.8\jackson-module-parameter-names-2.9.8.jar;D:\Develop\apache-maven-3.6.1-bin\apache-maven-3.6.1\repository\org\springframework\boot\spring-boot-starter-tomcat\2.1.3.RELEASE\spring-boot-starter-tomcat-2.1.3.RELEASE.jar;D:\Develop\apache-maven-3.6.1-bin\apache-maven-3.6.1\repository\org\apache\tomcat\embed\tomcat-embed-core\9.0.16\tomcat-embed-core-9.0.16.jar;D:\Develop\apache-maven-3.6.1-bin\apache-maven-3.6.1\repository\org\apache\tomcat\embed\tomcat-embed-el\9.0.16\tomcat-embed-el-9.0.16.jar;D:\Develop\apache-maven-3.6.1-bin\apache-maven-3.6.1\repository\org\apache\tomcat\embed\tomcat-embed-websocket\9.0.16\tomcat-embed-websocket-9.0.16.jar;D:\Develop\apache-maven-3.6.1-bin\apache-maven-3.6.1\repository\org\hibernate\validator\hibernate-validator\6.0.14.Final\hibernate-validator-6.0.14.Final.jar;D:\Develop\apache-maven-3.6.1-bin\apache-maven-3.6.1\repository\javax\validation\validation-api\2.0.1.Final\validation-api-2.0.1.Final.jar;D:\Develop\apache-maven-3.6.1-bin\apache-maven-3.6.1\repository\org\springframework\spring-web\5.1.5.RELEASE\spring-web-5.1.5.RELEASE.jar;D:\Develop\apache-maven-3.6.1-bin\apache-maven-3.6.1\repository\org\springframework\spring-beans\5.1.5.RELEASE\spring-beans-5.1.5.RELEASE.jar;D:\Develop\apache-maven-3.6.1-bin\apache-maven-3.6.1\repository\org\springframework\spring-webmvc\5.1.5.RELEASE\spring-webmvc-5.1.5.RELEASE.jar;D:\Develop\apache-maven-3.6.1-bin\apache-maven-3.6.1\repository\org\springframework\spring-aop\5.1.5.RELEASE\spring-aop-5.1.5.RELEASE.jar;D:\Develop\apache-maven-3.6.1-bin\apache-maven-3.6.1\repository\org\springframework\spring-context\5.1.5.RELEASE\spring-context-5.1.5.RELEASE.jar;D:\Develop\apache-maven-3.6.1-bin\apache-maven-3.6.1\repository\org\springframework\spring-expression\5.1.5.RELEASE\spring-expression-5.1.5.RELEASE.jar;D:\Develop\apache-maven-3.6.1-bin\apache-maven-3.6.1\repository\org\springframework\boot\spring-boot-starter-test\2.1.3.RELEASE\spring-boot-starter-test-2.1.3.RELEASE.jar;D:\Develop\apache-maven-3.6.1-bin\apache-maven-3.6.1\repository\org\springframework\boot\spring-boot-test\2.1.3.RELEASE\spring-boot-test-2.1.3.RELEASE.jar;D:\Develop\apache-maven-3.6.1-bin\apache-maven-3.6.1\repository\org\springframework\boot\spring-boot-test-autoconfigure\2.1.3.RELEASE\spring-boot-test-autoconfigure-2.1.3.RELEASE.jar;D:\Develop\apache-maven-3.6.1-bin\apache-maven-3.6.1\repository\com\jayway\jsonpath\json-path\2.4.0\json-path-2.4.0.jar;D:\Develop\apache-maven-3.6.1-bin\apache-maven-3.6.1\repository\net\minidev\json-smart\2.3\json-smart-2.3.jar;D:\Develop\apache-maven-3.6.1-bin\apache-maven-3.6.1\repository\net\minidev\accessors-smart\1.2\accessors-smart-1.2.jar;D:\Develop\apache-maven-3.6.1-bin\apache-maven-3.6.1\repository\org\ow2\asm\asm\5.0.4\asm-5.0.4.jar;D:\Develop\apache-maven-3.6.1-bin\apache-maven-3.6.1\repository\junit\junit\4.12\junit-4.12.jar;D:\Develop\apache-maven-3.6.1-bin\apache-maven-3.6.1\repository\org\assertj\assertj-core\3.11.1\assertj-core-3.11.1.jar;D:\Develop\apache-maven-3.6.1-bin\apache-maven-3.6.1\repository\org\mockito\mockito-core\2.23.4\mockito-core-2.23.4.jar;D:\Develop\apache-maven-3.6.1-bin\apache-maven-3.6.1\repository\net\bytebuddy\byte-buddy-agent\1.9.10\byte-buddy-agent-1.9.10.jar;D:\Develop\apache-maven-3.6.1-bin\apache-maven-3.6.1\repository\org\objenesis\objenesis\2.6\objenesis-2.6.jar;D:\Develop\apache-maven-3.6.1-bin\apache-maven-3.6.1\repository\org\hamcrest\hamcrest-core\1.3\hamcrest-core-1.3.jar;D:\Develop\apache-maven-3.6.1-bin\apache-maven-3.6.1\repository\org\hamcrest\hamcrest-library\1.3\hamcrest-library-1.3.jar;D:\Develop\apache-maven-3.6.1-bin\apache-maven-3.6.1\repository\org\skyscreamer\jsonassert\1.5.0\jsonassert-1.5.0.jar;D:\Develop\apache-maven-3.6.1-bin\apache-maven-3.6.1\repository\com\vaadin\external\google\android-json\0.0.20131108.vaadin1\android-json-0.0.20131108.vaadin1.jar;D:\Develop\apache-maven-3.6.1-bin\apache-maven-3.6.1\repository\org\springframework\spring-core\5.1.5.RELEASE\spring-core-5.1.5.RELEASE.jar;D:\Develop\apache-maven-3.6.1-bin\apache-maven-3.6.1\repository\org\springframework\spring-jcl\5.1.5.RELEASE\spring-jcl-5.1.5.RELEASE.jar;D:\Develop\apache-maven-3.6.1-bin\apache-maven-3.6.1\repository\org\springframework\spring-test\5.1.5.RELEASE\spring-test-5.1.5.RELEASE.jar;D:\Develop\apache-maven-3.6.1-bin\apache-maven-3.6.1\repository\org\projectlombok\lombok\1.18.6\lombok-1.18.6.jar;D:\Develop\apache-maven-3.6.1-bin\apache-maven-3.6.1\repository\org\slf4j\slf4j-api\1.7.32\slf4j-api-1.7.32.jar;D:\Develop\apache-maven-3.6.1-bin\apache-maven-3.6.1\repository\ch\qos\logback\logback-classic\1.2.10\logback-classic-1.2.10.jar;D:\Develop\apache-maven-3.6.1-bin\apache-maven-3.6.1\repository\ch\qos\logback\logback-core\1.2.3\logback-core-1.2.3.jar;D:\Develop\apache-maven-3.6.1-bin\apache-maven-3.6.1\repository\org\bitbucket\b_c\jose4j\0.7.0\jose4j-0.7.0.jar;D:\Develop\apache-maven-3.6.1-bin\apache-maven-3.6.1\repository\com\auth0\java-jwt\3.8.1\java-jwt-3.8.1.jar;D:\Develop\apache-maven-3.6.1-bin\apache-maven-3.6.1\repository\commons-codec\commons-codec\1.11\commons-codec-1.11.jar;D:\Develop\apache-maven-3.6.1-bin\apache-maven-3.6.1\repository\io\jsonwebtoken\jjwt\0.9.1\jjwt-0.9.1.jar;D:\Develop\apache-maven-3.6.1-bin\apache-maven-3.6.1\repository\org\apache\commons\commons-lang3\3.10\commons-lang3-3.10.jar;D:\Develop\apache-maven-3.6.1-bin\apache-maven-3.6.1\repository\com\aliyun\oss\aliyun-sdk-oss\3.17.0\aliyun-sdk-oss-3.17.0.jar;D:\Develop\apache-maven-3.6.1-bin\apache-maven-3.6.1\repository\org\apache\httpcomponents\httpclient\4.5.7\httpclient-4.5.7.jar;D:\Develop\apache-maven-3.6.1-bin\apache-maven-3.6.1\repository\org\apache\httpcomponents\httpcore\4.4.11\httpcore-4.4.11.jar;D:\Develop\apache-maven-3.6.1-bin\apache-maven-3.6.1\repository\org\jdom\jdom2\2.0.6\jdom2-2.0.6.jar;D:\Develop\apache-maven-3.6.1-bin\apache-maven-3.6.1\repository\org\codehaus\jettison\jettison\1.5.4\jettison-1.5.4.jar;D:\Develop\apache-maven-3.6.1-bin\apache-maven-3.6.1\repository\com\aliyun\aliyun-java-sdk-core\4.5.10\aliyun-java-sdk-core-4.5.10.jar;D:\Develop\apache-maven-3.6.1-bin\apache-maven-3.6.1\repository\com\google\code\gson\gson\2.8.5\gson-2.8.5.jar;D:\Develop\apache-maven-3.6.1-bin\apache-maven-3.6.1\repository\commons-logging\commons-logging\1.2\commons-logging-1.2.jar;D:\Develop\apache-maven-3.6.1-bin\apache-maven-3.6.1\repository\org\jacoco\org.jacoco.agent\0.8.5\org.jacoco.agent-0.8.5-runtime.jar;D:\Develop\apache-maven-3.6.1-bin\apache-maven-3.6.1\repository\org\ini4j\ini4j\0.5.4\ini4j-0.5.4.jar;D:\Develop\apache-maven-3.6.1-bin\apache-maven-3.6.1\repository\io\opentracing\opentracing-api\0.33.0\opentracing-api-0.33.0.jar;D:\Develop\apache-maven-3.6.1-bin\apache-maven-3.6.1\repository\io\opentracing\opentracing-util\0.33.0\opentracing-util-0.33.0.jar;D:\Develop\apache-maven-3.6.1-bin\apache-maven-3.6.1\repository\io\opentracing\opentracing-noop\0.33.0\opentracing-noop-0.33.0.jar;D:\Develop\apache-maven-3.6.1-bin\apache-maven-3.6.1\repository\com\aliyun\aliyun-java-sdk-ram\3.1.0\aliyun-java-sdk-ram-3.1.0.jar;D:\Develop\apache-maven-3.6.1-bin\apache-maven-3.6.1\repository\com\aliyun\aliyun-java-sdk-kms\2.11.0\aliyun-java-sdk-kms-2.11.0.jar;D:\Develop\apache-maven-3.6.1-bin\apache-maven-3.6.1\repository\com\alibaba\druid-spring-boot-starter\1.2.18\druid-spring-boot-starter-1.2.18.jar;D:\Develop\apache-maven-3.6.1-bin\apache-maven-3.6.1\repository\com\alibaba\druid\1.2.18\druid-1.2.18.jar;D:\Develop\apache-maven-3.6.1-bin\apache-maven-3.6.1\repository\org\springframework\boot\spring-boot-autoconfigure\2.1.3.RELEASE\spring-boot-autoconfigure-2.1.3.RELEASE.jar;D:\Develop\apache-maven-3.6.1-bin\apache-maven-3.6.1\repository\org\glassfish\jaxb\jaxb-runtime\2.3.1\jaxb-runtime-2.3.1.jar;D:\Develop\apache-maven-3.6.1-bin\apache-maven-3.6.1\repository\org\glassfish\jaxb\txw2\2.3.1\txw2-2.3.1.jar;D:\Develop\apache-maven-3.6.1-bin\apache-maven-3.6.1\repository\com\sun\istack\istack-commons-runtime\3.0.7\istack-commons-runtime-3.0.7.jar;D:\Develop\apache-maven-3.6.1-bin\apache-maven-3.6.1\repository\org\jvnet\staxex\stax-ex\1.8\stax-ex-1.8.jar;D:\Develop\apache-maven-3.6.1-bin\apache-maven-3.6.1\repository\com\sun\xml\fastinfoset\FastInfoset\1.2.15\FastInfoset-1.2.15.jar;D:\Develop\apache-maven-3.6.1-bin\apache-maven-3.6.1\repository\org\xmlunit\xmlunit-core\2.6.2\xmlunit-core-2.6.2.jar;D:\Develop\apache-maven-3.6.1-bin\apache-maven-3.6.1\repository\org\mybatis\mybatis\3.5.10\mybatis-3.5.10.jar;D:\Develop\apache-maven-3.6.1-bin\apache-maven-3.6.1\repository\mysql\mysql-connector-java\8.0.26\mysql-connector-java-8.0.26.jar;D:\Develop\apache-maven-3.6.1-bin\apache-maven-3.6.1\repository\org\springframework\boot\spring-boot-starter-jdbc\2.1.3.RELEASE\spring-boot-starter-jdbc-2.1.3.RELEASE.jar;D:\Develop\apache-maven-3.6.1-bin\apache-maven-3.6.1\repository\com\zaxxer\HikariCP\3.2.0\HikariCP-3.2.0.jar;D:\Develop\apache-maven-3.6.1-bin\apache-maven-3.6.1\repository\org\springframework\spring-jdbc\5.1.5.RELEASE\spring-jdbc-5.1.5.RELEASE.jar;D:\Develop\apache-maven-3.6.1-bin\apache-maven-3.6.1\repository\org\springframework\spring-tx\5.1.5.RELEASE\spring-tx-5.1.5.RELEASE.jar;D:\Develop\apache-maven-3.6.1-bin\apache-maven-3.6.1\repository\org\mybatis\spring\boot\mybatis-spring-boot-starter\2.2.0\mybatis-spring-boot-starter-2.2.0.jar;D:\Develop\apache-maven-3.6.1-bin\apache-maven-3.6.1\repository\org\mybatis\spring\boot\mybatis-spring-boot-autoconfigure\2.2.0\mybatis-spring-boot-autoconfigure-2.2.0.jar;D:\Develop\apache-maven-3.6.1-bin\apache-maven-3.6.1\repository\org\mybatis\mybatis-spring\2.0.6\mybatis-spring-2.0.6.jar;D:\Develop\apache-maven-3.6.1-bin\apache-maven-3.6.1\repository\org\springframework\boot\spring-boot-starter-data-jpa\2.1.3.RELEASE\spring-boot-starter-data-jpa-2.1.3.RELEASE.jar;D:\Develop\apache-maven-3.6.1-bin\apache-maven-3.6.1\repository\org\springframework\boot\spring-boot-starter-aop\2.1.3.RELEASE\spring-boot-starter-aop-2.1.3.RELEASE.jar;D:\Develop\apache-maven-3.6.1-bin\apache-maven-3.6.1\repository\org\aspectj\aspectjweaver\1.9.2\aspectjweaver-1.9.2.jar;D:\Develop\apache-maven-3.6.1-bin\apache-maven-3.6.1\repository\javax\transaction\javax.transaction-api\1.3\javax.transaction-api-1.3.jar;D:\Develop\apache-maven-3.6.1-bin\apache-maven-3.6.1\repository\javax\xml\bind\jaxb-api\2.3.1\jaxb-api-2.3.1.jar;D:\Develop\apache-maven-3.6.1-bin\apache-maven-3.6.1\repository\org\springframework\data\spring-data-jpa\2.1.5.RELEASE\spring-data-jpa-2.1.5.RELEASE.jar;D:\Develop\apache-maven-3.6.1-bin\apache-maven-3.6.1\repository\org\springframework\data\spring-data-commons\2.1.5.RELEASE\spring-data-commons-2.1.5.RELEASE.jar;D:\Develop\apache-maven-3.6.1-bin\apache-maven-3.6.1\repository\org\springframework\spring-orm\5.1.5.RELEASE\spring-orm-5.1.5.RELEASE.jar;D:\Develop\apache-maven-3.6.1-bin\apache-maven-3.6.1\repository\org\springframework\spring-aspects\5.1.5.RELEASE\spring-aspects-5.1.5.RELEASE.jar;D:\Develop\apache-maven-3.6.1-bin\apache-maven-3.6.1\repository\org\hibernate\hibernate-core\5.3.7.Final\hibernate-core-5.3.7.Final.jar;D:\Develop\apache-maven-3.6.1-bin\apache-maven-3.6.1\repository\org\jboss\logging\jboss-logging\3.3.2.Final\jboss-logging-3.3.2.Final.jar;D:\Develop\apache-maven-3.6.1-bin\apache-maven-3.6.1\repository\javax\persistence\javax.persistence-api\2.2\javax.persistence-api-2.2.jar;D:\Develop\apache-maven-3.6.1-bin\apache-maven-3.6.1\repository\org\javassist\javassist\3.23.1-GA\javassist-3.23.1-GA.jar;D:\Develop\apache-maven-3.6.1-bin\apache-maven-3.6.1\repository\net\bytebuddy\byte-buddy\1.9.10\byte-buddy-1.9.10.jar;D:\Develop\apache-maven-3.6.1-bin\apache-maven-3.6.1\repository\antlr\antlr\2.7.7\antlr-2.7.7.jar;D:\Develop\apache-maven-3.6.1-bin\apache-maven-3.6.1\repository\org\jboss\spec\javax\transaction\jboss-transaction-api_1.2_spec\1.1.1.Final\jboss-transaction-api_1.2_spec-1.1.1.Final.jar;D:\Develop\apache-maven-3.6.1-bin\apache-maven-3.6.1\repository\org\jboss\jandex\2.0.5.Final\jandex-2.0.5.Final.jar;D:\Develop\apache-maven-3.6.1-bin\apache-maven-3.6.1\repository\com\fasterxml\classmate\1.4.0\classmate-1.4.0.jar;D:\Develop\apache-maven-3.6.1-bin\apache-maven-3.6.1\repository\javax\activation\javax.activation-api\1.2.0\javax.activation-api-1.2.0.jar;D:\Develop\apache-maven-3.6.1-bin\apache-maven-3.6.1\repository\org\dom4j\dom4j\2.1.1\dom4j-2.1.1.jar;D:\Develop\apache-maven-3.6.1-bin\apache-maven-3.6.1\repository\org\hibernate\common\hibernate-commons-annotations\5.0.4.Final\hibernate-commons-annotations-5.0.4.Final.jar;D:\Develop\apache-maven-3.6.1-bin\apache-maven-3.6.1\repository\com\h2database\h2\1.4.197\h2-1.4.197.jar;"/>
    <property name="java.vm.vendor" value="Oracle Corporation"/>
    <property name="sun.arch.data.model" value="64"/>
    <property name="user.variant" value=""/>
    <property name="java.vendor.url" value="http://java.oracle.com/"/>
    <property name="user.timezone" value="Asia/Shanghai"/>
    <property name="java.vm.specification.version" value="1.8"/>
    <property name="os.name" value="Windows 10"/>
    <property name="user.country" value="CN"/>
    <property name="sun.java.launcher" value="SUN_STANDARD"/>
    <property name="sun.boot.library.path" value="D:\Develop\heimaApp\jdk-8u291-windows-x64\jre\bin"/>
    <property name="sun.java.command" value="C:\Users\oyyb\AppData\Local\Temp\surefire3519346492710007866\surefirebooter8327879685709882089.jar C:\Users\oyyb\AppData\Local\Temp\surefire3519346492710007866 2025-07-09T01-46-53_361-jvmRun1 surefire5353200084731601491tmp surefire_06037195072838504793tmp"/>
    <property name="surefire.test.class.path" value="D:\java\target\test-classes;D:\java\target\classes;D:\Develop\apache-maven-3.6.1-bin\apache-maven-3.6.1\repository\com\fasterxml\jackson\core\jackson-core\2.13.0\jackson-core-2.13.0.jar;D:\Develop\apache-maven-3.6.1-bin\apache-maven-3.6.1\repository\com\fasterxml\jackson\core\jackson-annotations\2.13.0\jackson-annotations-2.13.0.jar;D:\Develop\apache-maven-3.6.1-bin\apache-maven-3.6.1\repository\com\fasterxml\jackson\core\jackson-databind\2.13.0\jackson-databind-2.13.0.jar;D:\Develop\apache-maven-3.6.1-bin\apache-maven-3.6.1\repository\org\mapstruct\mapstruct\1.5.0.Beta1\mapstruct-1.5.0.Beta1.jar;D:\Develop\apache-maven-3.6.1-bin\apache-maven-3.6.1\repository\org\mapstruct\mapstruct-processor\1.5.0.Beta1\mapstruct-processor-1.5.0.Beta1.jar;D:\Develop\apache-maven-3.6.1-bin\apache-maven-3.6.1\repository\com\alibaba\fastjson2\fastjson2\2.0.26\fastjson2-2.0.26.jar;D:\Develop\apache-maven-3.6.1-bin\apache-maven-3.6.1\repository\org\springframework\boot\spring-boot-starter-web\2.1.3.RELEASE\spring-boot-starter-web-2.1.3.RELEASE.jar;D:\Develop\apache-maven-3.6.1-bin\apache-maven-3.6.1\repository\org\springframework\boot\spring-boot-starter\2.1.3.RELEASE\spring-boot-starter-2.1.3.RELEASE.jar;D:\Develop\apache-maven-3.6.1-bin\apache-maven-3.6.1\repository\org\springframework\boot\spring-boot\2.1.3.RELEASE\spring-boot-2.1.3.RELEASE.jar;D:\Develop\apache-maven-3.6.1-bin\apache-maven-3.6.1\repository\org\springframework\boot\spring-boot-starter-logging\2.1.3.RELEASE\spring-boot-starter-logging-2.1.3.RELEASE.jar;D:\Develop\apache-maven-3.6.1-bin\apache-maven-3.6.1\repository\org\apache\logging\log4j\log4j-to-slf4j\2.11.2\log4j-to-slf4j-2.11.2.jar;D:\Develop\apache-maven-3.6.1-bin\apache-maven-3.6.1\repository\org\apache\logging\log4j\log4j-api\2.11.2\log4j-api-2.11.2.jar;D:\Develop\apache-maven-3.6.1-bin\apache-maven-3.6.1\repository\org\slf4j\jul-to-slf4j\1.7.25\jul-to-slf4j-1.7.25.jar;D:\Develop\apache-maven-3.6.1-bin\apache-maven-3.6.1\repository\javax\annotation\javax.annotation-api\1.3.2\javax.annotation-api-1.3.2.jar;D:\Develop\apache-maven-3.6.1-bin\apache-maven-3.6.1\repository\org\yaml\snakeyaml\1.23\snakeyaml-1.23.jar;D:\Develop\apache-maven-3.6.1-bin\apache-maven-3.6.1\repository\org\springframework\boot\spring-boot-starter-json\2.1.3.RELEASE\spring-boot-starter-json-2.1.3.RELEASE.jar;D:\Develop\apache-maven-3.6.1-bin\apache-maven-3.6.1\repository\com\fasterxml\jackson\datatype\jackson-datatype-jdk8\2.9.8\jackson-datatype-jdk8-2.9.8.jar;D:\Develop\apache-maven-3.6.1-bin\apache-maven-3.6.1\repository\com\fasterxml\jackson\datatype\jackson-datatype-jsr310\2.9.8\jackson-datatype-jsr310-2.9.8.jar;D:\Develop\apache-maven-3.6.1-bin\apache-maven-3.6.1\repository\com\fasterxml\jackson\module\jackson-module-parameter-names\2.9.8\jackson-module-parameter-names-2.9.8.jar;D:\Develop\apache-maven-3.6.1-bin\apache-maven-3.6.1\repository\org\springframework\boot\spring-boot-starter-tomcat\2.1.3.RELEASE\spring-boot-starter-tomcat-2.1.3.RELEASE.jar;D:\Develop\apache-maven-3.6.1-bin\apache-maven-3.6.1\repository\org\apache\tomcat\embed\tomcat-embed-core\9.0.16\tomcat-embed-core-9.0.16.jar;D:\Develop\apache-maven-3.6.1-bin\apache-maven-3.6.1\repository\org\apache\tomcat\embed\tomcat-embed-el\9.0.16\tomcat-embed-el-9.0.16.jar;D:\Develop\apache-maven-3.6.1-bin\apache-maven-3.6.1\repository\org\apache\tomcat\embed\tomcat-embed-websocket\9.0.16\tomcat-embed-websocket-9.0.16.jar;D:\Develop\apache-maven-3.6.1-bin\apache-maven-3.6.1\repository\org\hibernate\validator\hibernate-validator\6.0.14.Final\hibernate-validator-6.0.14.Final.jar;D:\Develop\apache-maven-3.6.1-bin\apache-maven-3.6.1\repository\javax\validation\validation-api\2.0.1.Final\validation-api-2.0.1.Final.jar;D:\Develop\apache-maven-3.6.1-bin\apache-maven-3.6.1\repository\org\springframework\spring-web\5.1.5.RELEASE\spring-web-5.1.5.RELEASE.jar;D:\Develop\apache-maven-3.6.1-bin\apache-maven-3.6.1\repository\org\springframework\spring-beans\5.1.5.RELEASE\spring-beans-5.1.5.RELEASE.jar;D:\Develop\apache-maven-3.6.1-bin\apache-maven-3.6.1\repository\org\springframework\spring-webmvc\5.1.5.RELEASE\spring-webmvc-5.1.5.RELEASE.jar;D:\Develop\apache-maven-3.6.1-bin\apache-maven-3.6.1\repository\org\springframework\spring-aop\5.1.5.RELEASE\spring-aop-5.1.5.RELEASE.jar;D:\Develop\apache-maven-3.6.1-bin\apache-maven-3.6.1\repository\org\springframework\spring-context\5.1.5.RELEASE\spring-context-5.1.5.RELEASE.jar;D:\Develop\apache-maven-3.6.1-bin\apache-maven-3.6.1\repository\org\springframework\spring-expression\5.1.5.RELEASE\spring-expression-5.1.5.RELEASE.jar;D:\Develop\apache-maven-3.6.1-bin\apache-maven-3.6.1\repository\org\springframework\boot\spring-boot-starter-test\2.1.3.RELEASE\spring-boot-starter-test-2.1.3.RELEASE.jar;D:\Develop\apache-maven-3.6.1-bin\apache-maven-3.6.1\repository\org\springframework\boot\spring-boot-test\2.1.3.RELEASE\spring-boot-test-2.1.3.RELEASE.jar;D:\Develop\apache-maven-3.6.1-bin\apache-maven-3.6.1\repository\org\springframework\boot\spring-boot-test-autoconfigure\2.1.3.RELEASE\spring-boot-test-autoconfigure-2.1.3.RELEASE.jar;D:\Develop\apache-maven-3.6.1-bin\apache-maven-3.6.1\repository\com\jayway\jsonpath\json-path\2.4.0\json-path-2.4.0.jar;D:\Develop\apache-maven-3.6.1-bin\apache-maven-3.6.1\repository\net\minidev\json-smart\2.3\json-smart-2.3.jar;D:\Develop\apache-maven-3.6.1-bin\apache-maven-3.6.1\repository\net\minidev\accessors-smart\1.2\accessors-smart-1.2.jar;D:\Develop\apache-maven-3.6.1-bin\apache-maven-3.6.1\repository\org\ow2\asm\asm\5.0.4\asm-5.0.4.jar;D:\Develop\apache-maven-3.6.1-bin\apache-maven-3.6.1\repository\junit\junit\4.12\junit-4.12.jar;D:\Develop\apache-maven-3.6.1-bin\apache-maven-3.6.1\repository\org\assertj\assertj-core\3.11.1\assertj-core-3.11.1.jar;D:\Develop\apache-maven-3.6.1-bin\apache-maven-3.6.1\repository\org\mockito\mockito-core\2.23.4\mockito-core-2.23.4.jar;D:\Develop\apache-maven-3.6.1-bin\apache-maven-3.6.1\repository\net\bytebuddy\byte-buddy-agent\1.9.10\byte-buddy-agent-1.9.10.jar;D:\Develop\apache-maven-3.6.1-bin\apache-maven-3.6.1\repository\org\objenesis\objenesis\2.6\objenesis-2.6.jar;D:\Develop\apache-maven-3.6.1-bin\apache-maven-3.6.1\repository\org\hamcrest\hamcrest-core\1.3\hamcrest-core-1.3.jar;D:\Develop\apache-maven-3.6.1-bin\apache-maven-3.6.1\repository\org\hamcrest\hamcrest-library\1.3\hamcrest-library-1.3.jar;D:\Develop\apache-maven-3.6.1-bin\apache-maven-3.6.1\repository\org\skyscreamer\jsonassert\1.5.0\jsonassert-1.5.0.jar;D:\Develop\apache-maven-3.6.1-bin\apache-maven-3.6.1\repository\com\vaadin\external\google\android-json\0.0.20131108.vaadin1\android-json-0.0.20131108.vaadin1.jar;D:\Develop\apache-maven-3.6.1-bin\apache-maven-3.6.1\repository\org\springframework\spring-core\5.1.5.RELEASE\spring-core-5.1.5.RELEASE.jar;D:\Develop\apache-maven-3.6.1-bin\apache-maven-3.6.1\repository\org\springframework\spring-jcl\5.1.5.RELEASE\spring-jcl-5.1.5.RELEASE.jar;D:\Develop\apache-maven-3.6.1-bin\apache-maven-3.6.1\repository\org\springframework\spring-test\5.1.5.RELEASE\spring-test-5.1.5.RELEASE.jar;D:\Develop\apache-maven-3.6.1-bin\apache-maven-3.6.1\repository\org\projectlombok\lombok\1.18.6\lombok-1.18.6.jar;D:\Develop\apache-maven-3.6.1-bin\apache-maven-3.6.1\repository\org\slf4j\slf4j-api\1.7.32\slf4j-api-1.7.32.jar;D:\Develop\apache-maven-3.6.1-bin\apache-maven-3.6.1\repository\ch\qos\logback\logback-classic\1.2.10\logback-classic-1.2.10.jar;D:\Develop\apache-maven-3.6.1-bin\apache-maven-3.6.1\repository\ch\qos\logback\logback-core\1.2.3\logback-core-1.2.3.jar;D:\Develop\apache-maven-3.6.1-bin\apache-maven-3.6.1\repository\org\bitbucket\b_c\jose4j\0.7.0\jose4j-0.7.0.jar;D:\Develop\apache-maven-3.6.1-bin\apache-maven-3.6.1\repository\com\auth0\java-jwt\3.8.1\java-jwt-3.8.1.jar;D:\Develop\apache-maven-3.6.1-bin\apache-maven-3.6.1\repository\commons-codec\commons-codec\1.11\commons-codec-1.11.jar;D:\Develop\apache-maven-3.6.1-bin\apache-maven-3.6.1\repository\io\jsonwebtoken\jjwt\0.9.1\jjwt-0.9.1.jar;D:\Develop\apache-maven-3.6.1-bin\apache-maven-3.6.1\repository\org\apache\commons\commons-lang3\3.10\commons-lang3-3.10.jar;D:\Develop\apache-maven-3.6.1-bin\apache-maven-3.6.1\repository\com\aliyun\oss\aliyun-sdk-oss\3.17.0\aliyun-sdk-oss-3.17.0.jar;D:\Develop\apache-maven-3.6.1-bin\apache-maven-3.6.1\repository\org\apache\httpcomponents\httpclient\4.5.7\httpclient-4.5.7.jar;D:\Develop\apache-maven-3.6.1-bin\apache-maven-3.6.1\repository\org\apache\httpcomponents\httpcore\4.4.11\httpcore-4.4.11.jar;D:\Develop\apache-maven-3.6.1-bin\apache-maven-3.6.1\repository\org\jdom\jdom2\2.0.6\jdom2-2.0.6.jar;D:\Develop\apache-maven-3.6.1-bin\apache-maven-3.6.1\repository\org\codehaus\jettison\jettison\1.5.4\jettison-1.5.4.jar;D:\Develop\apache-maven-3.6.1-bin\apache-maven-3.6.1\repository\com\aliyun\aliyun-java-sdk-core\4.5.10\aliyun-java-sdk-core-4.5.10.jar;D:\Develop\apache-maven-3.6.1-bin\apache-maven-3.6.1\repository\com\google\code\gson\gson\2.8.5\gson-2.8.5.jar;D:\Develop\apache-maven-3.6.1-bin\apache-maven-3.6.1\repository\commons-logging\commons-logging\1.2\commons-logging-1.2.jar;D:\Develop\apache-maven-3.6.1-bin\apache-maven-3.6.1\repository\org\jacoco\org.jacoco.agent\0.8.5\org.jacoco.agent-0.8.5-runtime.jar;D:\Develop\apache-maven-3.6.1-bin\apache-maven-3.6.1\repository\org\ini4j\ini4j\0.5.4\ini4j-0.5.4.jar;D:\Develop\apache-maven-3.6.1-bin\apache-maven-3.6.1\repository\io\opentracing\opentracing-api\0.33.0\opentracing-api-0.33.0.jar;D:\Develop\apache-maven-3.6.1-bin\apache-maven-3.6.1\repository\io\opentracing\opentracing-util\0.33.0\opentracing-util-0.33.0.jar;D:\Develop\apache-maven-3.6.1-bin\apache-maven-3.6.1\repository\io\opentracing\opentracing-noop\0.33.0\opentracing-noop-0.33.0.jar;D:\Develop\apache-maven-3.6.1-bin\apache-maven-3.6.1\repository\com\aliyun\aliyun-java-sdk-ram\3.1.0\aliyun-java-sdk-ram-3.1.0.jar;D:\Develop\apache-maven-3.6.1-bin\apache-maven-3.6.1\repository\com\aliyun\aliyun-java-sdk-kms\2.11.0\aliyun-java-sdk-kms-2.11.0.jar;D:\Develop\apache-maven-3.6.1-bin\apache-maven-3.6.1\repository\com\alibaba\druid-spring-boot-starter\1.2.18\druid-spring-boot-starter-1.2.18.jar;D:\Develop\apache-maven-3.6.1-bin\apache-maven-3.6.1\repository\com\alibaba\druid\1.2.18\druid-1.2.18.jar;D:\Develop\apache-maven-3.6.1-bin\apache-maven-3.6.1\repository\org\springframework\boot\spring-boot-autoconfigure\2.1.3.RELEASE\spring-boot-autoconfigure-2.1.3.RELEASE.jar;D:\Develop\apache-maven-3.6.1-bin\apache-maven-3.6.1\repository\org\glassfish\jaxb\jaxb-runtime\2.3.1\jaxb-runtime-2.3.1.jar;D:\Develop\apache-maven-3.6.1-bin\apache-maven-3.6.1\repository\org\glassfish\jaxb\txw2\2.3.1\txw2-2.3.1.jar;D:\Develop\apache-maven-3.6.1-bin\apache-maven-3.6.1\repository\com\sun\istack\istack-commons-runtime\3.0.7\istack-commons-runtime-3.0.7.jar;D:\Develop\apache-maven-3.6.1-bin\apache-maven-3.6.1\repository\org\jvnet\staxex\stax-ex\1.8\stax-ex-1.8.jar;D:\Develop\apache-maven-3.6.1-bin\apache-maven-3.6.1\repository\com\sun\xml\fastinfoset\FastInfoset\1.2.15\FastInfoset-1.2.15.jar;D:\Develop\apache-maven-3.6.1-bin\apache-maven-3.6.1\repository\org\xmlunit\xmlunit-core\2.6.2\xmlunit-core-2.6.2.jar;D:\Develop\apache-maven-3.6.1-bin\apache-maven-3.6.1\repository\org\mybatis\mybatis\3.5.10\mybatis-3.5.10.jar;D:\Develop\apache-maven-3.6.1-bin\apache-maven-3.6.1\repository\mysql\mysql-connector-java\8.0.26\mysql-connector-java-8.0.26.jar;D:\Develop\apache-maven-3.6.1-bin\apache-maven-3.6.1\repository\org\springframework\boot\spring-boot-starter-jdbc\2.1.3.RELEASE\spring-boot-starter-jdbc-2.1.3.RELEASE.jar;D:\Develop\apache-maven-3.6.1-bin\apache-maven-3.6.1\repository\com\zaxxer\HikariCP\3.2.0\HikariCP-3.2.0.jar;D:\Develop\apache-maven-3.6.1-bin\apache-maven-3.6.1\repository\org\springframework\spring-jdbc\5.1.5.RELEASE\spring-jdbc-5.1.5.RELEASE.jar;D:\Develop\apache-maven-3.6.1-bin\apache-maven-3.6.1\repository\org\springframework\spring-tx\5.1.5.RELEASE\spring-tx-5.1.5.RELEASE.jar;D:\Develop\apache-maven-3.6.1-bin\apache-maven-3.6.1\repository\org\mybatis\spring\boot\mybatis-spring-boot-starter\2.2.0\mybatis-spring-boot-starter-2.2.0.jar;D:\Develop\apache-maven-3.6.1-bin\apache-maven-3.6.1\repository\org\mybatis\spring\boot\mybatis-spring-boot-autoconfigure\2.2.0\mybatis-spring-boot-autoconfigure-2.2.0.jar;D:\Develop\apache-maven-3.6.1-bin\apache-maven-3.6.1\repository\org\mybatis\mybatis-spring\2.0.6\mybatis-spring-2.0.6.jar;D:\Develop\apache-maven-3.6.1-bin\apache-maven-3.6.1\repository\org\springframework\boot\spring-boot-starter-data-jpa\2.1.3.RELEASE\spring-boot-starter-data-jpa-2.1.3.RELEASE.jar;D:\Develop\apache-maven-3.6.1-bin\apache-maven-3.6.1\repository\org\springframework\boot\spring-boot-starter-aop\2.1.3.RELEASE\spring-boot-starter-aop-2.1.3.RELEASE.jar;D:\Develop\apache-maven-3.6.1-bin\apache-maven-3.6.1\repository\org\aspectj\aspectjweaver\1.9.2\aspectjweaver-1.9.2.jar;D:\Develop\apache-maven-3.6.1-bin\apache-maven-3.6.1\repository\javax\transaction\javax.transaction-api\1.3\javax.transaction-api-1.3.jar;D:\Develop\apache-maven-3.6.1-bin\apache-maven-3.6.1\repository\javax\xml\bind\jaxb-api\2.3.1\jaxb-api-2.3.1.jar;D:\Develop\apache-maven-3.6.1-bin\apache-maven-3.6.1\repository\org\springframework\data\spring-data-jpa\2.1.5.RELEASE\spring-data-jpa-2.1.5.RELEASE.jar;D:\Develop\apache-maven-3.6.1-bin\apache-maven-3.6.1\repository\org\springframework\data\spring-data-commons\2.1.5.RELEASE\spring-data-commons-2.1.5.RELEASE.jar;D:\Develop\apache-maven-3.6.1-bin\apache-maven-3.6.1\repository\org\springframework\spring-orm\5.1.5.RELEASE\spring-orm-5.1.5.RELEASE.jar;D:\Develop\apache-maven-3.6.1-bin\apache-maven-3.6.1\repository\org\springframework\spring-aspects\5.1.5.RELEASE\spring-aspects-5.1.5.RELEASE.jar;D:\Develop\apache-maven-3.6.1-bin\apache-maven-3.6.1\repository\org\hibernate\hibernate-core\5.3.7.Final\hibernate-core-5.3.7.Final.jar;D:\Develop\apache-maven-3.6.1-bin\apache-maven-3.6.1\repository\org\jboss\logging\jboss-logging\3.3.2.Final\jboss-logging-3.3.2.Final.jar;D:\Develop\apache-maven-3.6.1-bin\apache-maven-3.6.1\repository\javax\persistence\javax.persistence-api\2.2\javax.persistence-api-2.2.jar;D:\Develop\apache-maven-3.6.1-bin\apache-maven-3.6.1\repository\org\javassist\javassist\3.23.1-GA\javassist-3.23.1-GA.jar;D:\Develop\apache-maven-3.6.1-bin\apache-maven-3.6.1\repository\net\bytebuddy\byte-buddy\1.9.10\byte-buddy-1.9.10.jar;D:\Develop\apache-maven-3.6.1-bin\apache-maven-3.6.1\repository\antlr\antlr\2.7.7\antlr-2.7.7.jar;D:\Develop\apache-maven-3.6.1-bin\apache-maven-3.6.1\repository\org\jboss\spec\javax\transaction\jboss-transaction-api_1.2_spec\1.1.1.Final\jboss-transaction-api_1.2_spec-1.1.1.Final.jar;D:\Develop\apache-maven-3.6.1-bin\apache-maven-3.6.1\repository\org\jboss\jandex\2.0.5.Final\jandex-2.0.5.Final.jar;D:\Develop\apache-maven-3.6.1-bin\apache-maven-3.6.1\repository\com\fasterxml\classmate\1.4.0\classmate-1.4.0.jar;D:\Develop\apache-maven-3.6.1-bin\apache-maven-3.6.1\repository\javax\activation\javax.activation-api\1.2.0\javax.activation-api-1.2.0.jar;D:\Develop\apache-maven-3.6.1-bin\apache-maven-3.6.1\repository\org\dom4j\dom4j\2.1.1\dom4j-2.1.1.jar;D:\Develop\apache-maven-3.6.1-bin\apache-maven-3.6.1\repository\org\hibernate\common\hibernate-commons-annotations\5.0.4.Final\hibernate-commons-annotations-5.0.4.Final.jar;D:\Develop\apache-maven-3.6.1-bin\apache-maven-3.6.1\repository\com\h2database\h2\1.4.197\h2-1.4.197.jar;"/>
    <property name="sun.cpu.endian" value="little"/>
    <property name="user.home" value="C:\Users\oyyb"/>
    <property name="user.language" value="zh"/>
    <property name="java.specification.vendor" value="Oracle Corporation"/>
    <property name="java.home" value="D:\Develop\heimaApp\jdk-8u291-windows-x64\jre"/>
    <property name="basedir" value="D:\java"/>
    <property name="file.separator" value="\"/>
    <property name="line.separator" value="&#10;"/>
    <property name="java.vm.specification.vendor" value="Oracle Corporation"/>
    <property name="java.specification.name" value="Java Platform API Specification"/>
    <property name="java.awt.graphicsenv" value="sun.awt.Win32GraphicsEnvironment"/>
    <property name="surefire.real.class.path" value="C:\Users\oyyb\AppData\Local\Temp\surefire3519346492710007866\surefirebooter8327879685709882089.jar"/>
    <property name="sun.boot.class.path" value="D:\Develop\heimaApp\jdk-8u291-windows-x64\jre\lib\resources.jar;D:\Develop\heimaApp\jdk-8u291-windows-x64\jre\lib\rt.jar;D:\Develop\heimaApp\jdk-8u291-windows-x64\jre\lib\sunrsasign.jar;D:\Develop\heimaApp\jdk-8u291-windows-x64\jre\lib\jsse.jar;D:\Develop\heimaApp\jdk-8u291-windows-x64\jre\lib\jce.jar;D:\Develop\heimaApp\jdk-8u291-windows-x64\jre\lib\charsets.jar;D:\Develop\heimaApp\jdk-8u291-windows-x64\jre\lib\jfr.jar;D:\Develop\heimaApp\jdk-8u291-windows-x64\jre\classes"/>
    <property name="user.script" value=""/>
    <property name="sun.management.compiler" value="HotSpot 64-Bit Tiered Compilers"/>
    <property name="java.runtime.version" value="1.8.0_291-b10"/>
    <property name="user.name" value="oyyb"/>
    <property name="path.separator" value=";"/>
    <property name="os.version" value="10.0"/>
    <property name="java.endorsed.dirs" value="D:\Develop\heimaApp\jdk-8u291-windows-x64\jre\lib\endorsed"/>
    <property name="java.runtime.name" value="Java(TM) SE Runtime Environment"/>
    <property name="file.encoding" value="GBK"/>
    <property name="java.vm.name" value="Java HotSpot(TM) 64-Bit Server VM"/>
    <property name="localRepository" value="D:\Develop\apache-maven-3.6.1-bin\apache-maven-3.6.1\repository"/>
    <property name="java.vendor.url.bug" value="http://bugreport.sun.com/bugreport/"/>
    <property name="java.io.tmpdir" value="C:\Users\oyyb\AppData\Local\Temp\"/>
    <property name="idea.version" value="2022.2.3"/>
    <property name="java.version" value="1.8.0_291"/>
    <property name="user.dir" value="D:\java"/>
    <property name="os.arch" value="amd64"/>
    <property name="java.vm.specification.name" value="Java Virtual Machine Specification"/>
    <property name="java.awt.printerjob" value="sun.awt.windows.WPrinterJob"/>
    <property name="sun.os.patch.level" value=""/>
    <property name="java.library.path" value="D:\Develop\heimaApp\jdk-8u291-windows-x64\jre\bin;C:\Windows\Sun\Java\bin;C:\Windows\system32;C:\Windows;C:\Program Files (x86)\Common Files\Oracle\Java\javapath;D:\Develop\Vmware\bin\;C:\Windows\System32\HWAudioDriverLibs;C:\Windows\system32;C:\Windows;C:\Windows\System32\Wbem;C:\Windows\System32\WindowsPowerShell\v1.0\;C:\Windows\System32\OpenSSH\;D:\Develop\heimaApp\jdk-8u291-windows-x64\bin;C:\Program Files\MySQL\MySQL Server 5.7\bin;C:\Windows\system32\config\systemprofile\AppData\Local\Microsoft\WindowsApps;D:\Develop\heimaApp\Git\cmd;D:\Develop\apache-maven-3.6.1-bin\apache-maven-3.6.1\bin;D:\Develop\heimaApp\nodejs\;C:\Users\oyyb\AppData\Local\Microsoft\WindowsApps;C:\Program Files\Bandizip\;D:\Develop\heimaApp\nodejs\node_global;D:\Download\IntelliJ IDEA Community Edition 2025.1.2\bin;;C:\Users\oyyb\AppData\Local\GitHubDesktop\bin;."/>
    <property name="java.vm.info" value="mixed mode"/>
    <property name="java.vendor" value="Oracle Corporation"/>
    <property name="java.vm.version" value="25.291-b10"/>
    <property name="java.ext.dirs" value="D:\Develop\heimaApp\jdk-8u291-windows-x64\jre\lib\ext;C:\Windows\Sun\Java\lib\ext"/>
    <property name="sun.io.unicode.encoding" value="UnicodeLittle"/>
    <property name="maven.repo.local" value="D:\Develop\apache-maven-3.6.1-bin\apache-maven-3.6.1\repository"/>
    <property name="java.class.version" value="52.0"/>
  </properties>
  <testcase name="contextLoads" classname="com.example.HelloworldApplicationTests" time="0.036"/>
</testsuite>